<?xml version="1.0" encoding="UTF-8"?>
<testng-results skipped="0" failed="0" ignored="0" total="1" passed="1">
  <reporter-output>
  </reporter-output>
  <suite name="Suite" duration-ms="57399" started-at="2020-05-27T00:29:59 IST" finished-at="2020-05-27T00:30:57 IST">
    <groups>
    </groups>
    <test name="Test" duration-ms="57399" started-at="2020-05-27T00:29:59 IST" finished-at="2020-05-27T00:30:57 IST">
      <class name="practise.AppiumGradeup.testCase1">
        <test-method status="PASS" signature="mainPageTest()[pri:0, instance:practise.AppiumGradeup.testCase1@60285225]" name="mainPageTest" duration-ms="57340" started-at="2020-05-27T00:29:59 IST" finished-at="2020-05-27T00:30:57 IST">
          <reporter-output>
          </reporter-output>
        </test-method> <!-- mainPageTest -->
      </class> <!-- practise.AppiumGradeup.testCase1 -->
    </test> <!-- Test -->
  </suite> <!-- Suite -->
</testng-results>
